2019-03-11-main-INFO -com.cg.insurance.ui.InsuranceMain:log4j file configured
2019-03-11-main-INFO -com.cg.insurance.ui.InsuranceMain:log4j file configured
2019-03-11-main-INFO -com.cg.insurance.ui.InsuranceMain:log4j file configured
2019-03-11-main-INFO -com.cg.insurance.ui.InsuranceMain:log4j file configured
2019-03-11-main-INFO -com.cg.insurance.ui.InsuranceMain:log4j file configured
2019-03-11-main-INFO -com.cg.insurance.ui.InsuranceMain:log4j file configured
2019-03-11-main-INFO -com.cg.insurance.ui.InsuranceMain:Inside the login
2019-03-11-main-INFO -com.cg.insurance.ui.InsuranceMain:Inside the login
2019-03-11-main-INFO -com.cg.insurance.ui.InsuranceMain:Inside the login
2019-03-11-main-INFO -com.cg.insurance.ui.InsuranceMain:log4j file configured
2019-03-11-main-INFO -com.cg.insurance.ui.InsuranceMain:Inside the login
2019-03-11-main-INFO -com.cg.insurance.ui.InsuranceMain:Inside Agent Module
2019-03-11-main-INFO -com.cg.insurance.ui.InsuranceMain:In case 3 of agent module
2019-03-11-main-INFO -com.cg.insurance.ui.InsuranceMain:In case 4 of agent module
2019-03-11-main-INFO -com.cg.insurance.ui.InsuranceMain:Inside the login
2019-03-11-main-INFO -com.cg.insurance.ui.InsuranceMain:log4j file configured
2019-03-11-main-INFO -com.cg.insurance.ui.InsuranceMain:Inside the login
2019-03-11-main-INFO -com.cg.insurance.ui.InsuranceMain:Inside the login
2019-03-11-main-INFO -com.cg.insurance.ui.InsuranceMain:log4j file configured
2019-03-11-main-INFO -com.cg.insurance.ui.InsuranceMain:Inside the login
2019-03-11-main-INFO -com.cg.insurance.ui.InsuranceMain:In admin module
2019-03-11-main-INFO -com.cg.insurance.ui.InsuranceMain:Inside the login
2019-03-11-main-INFO -com.cg.insurance.ui.InsuranceMain:Inside the login
2019-03-11-main-INFO -com.cg.insurance.ui.InsuranceMain:log4j file configured
2019-03-11-main-INFO -com.cg.insurance.ui.InsuranceMain:log4j file configured
2019-03-11-main-INFO -com.cg.insurance.ui.InsuranceMain:Inside the login
2019-03-11-main-INFO -com.cg.insurance.ui.InsuranceMain:Inside the login
2019-03-11-main-INFO -com.cg.insurance.ui.InsuranceMain:log4j file configured
2019-03-11-main-INFO -com.cg.insurance.ui.InsuranceMain:Inside the login
2019-03-11-main-INFO -com.cg.insurance.ui.InsuranceMain:Inside the login
2019-03-11-main-INFO -com.cg.insurance.ui.InsuranceMain:Inside the login
2019-03-11-main-INFO -com.cg.insurance.ui.InsuranceMain:In admin module
2019-03-11-main-INFO -com.cg.insurance.ui.InsuranceMain:Inside the login
2019-03-11-main-INFO -com.cg.insurance.ui.InsuranceMain:Inside the login
2019-03-11-main-INFO -com.cg.insurance.ui.InsuranceMain:In admin module
2019-03-11-main-INFO -com.cg.insurance.ui.InsuranceMain:Inside the login
2019-03-11-main-INFO -com.cg.insurance.ui.InsuranceMain:Inside the login
2019-03-11-main-INFO -com.cg.insurance.ui.InsuranceMain:Inside the login
2019-03-11-main-INFO -com.cg.insurance.ui.InsuranceMain:log4j file configured
2019-03-11-main-INFO -com.cg.insurance.ui.InsuranceMain:Inside the login
2019-03-11-main-INFO -com.cg.insurance.ui.InsuranceMain:Inside the login
2019-03-11-main-INFO -com.cg.insurance.ui.InsuranceMain:log4j file configured
2019-03-11-main-INFO -com.cg.insurance.ui.InsuranceMain:Inside the login
2019-03-11-main-INFO -com.cg.insurance.ui.InsuranceMain:inside user case
2019-03-11-main-INFO -com.cg.insurance.ui.InsuranceMain:Inside case 2 of user
2019-03-11-main-ERROR-com.cg.insurance.ui.InsuranceMain:Entered invalid digits
2019-03-11-main-INFO -com.cg.insurance.ui.InsuranceMain:log4j file configured
2019-03-11-main-INFO -com.cg.insurance.ui.InsuranceMain:Inside the login
2019-03-11-main-INFO -com.cg.insurance.ui.InsuranceMain:inside user case
2019-03-11-main-INFO -com.cg.insurance.ui.InsuranceMain:Inside case 2 of user
2019-03-11-main-ERROR-com.cg.insurance.ui.InsuranceMain:Entered invalid digits
2019-03-11-main-INFO -com.cg.insurance.ui.InsuranceMain:log4j file configured
2019-03-11-main-INFO -com.cg.insurance.ui.InsuranceMain:Inside the login
2019-03-11-main-INFO -com.cg.insurance.ui.InsuranceMain:inside user case
2019-03-11-main-INFO -com.cg.insurance.ui.InsuranceMain:Inside case 2 of user
2019-03-11-main-INFO -com.cg.insurance.ui.InsuranceMain:Logging Out
2019-03-11-main-INFO -com.cg.insurance.ui.InsuranceMain:Inside the login
2019-03-11-main-INFO -com.cg.insurance.ui.InsuranceMain:Inside Agent Module
2019-03-11-main-INFO -com.cg.insurance.ui.InsuranceMain:In case 2 of agent module
2019-03-11-main-INFO -com.cg.insurance.ui.InsuranceMain:log4j file configured
2019-03-11-main-INFO -com.cg.insurance.ui.InsuranceMain:Inside the login
2019-03-11-main-INFO -com.cg.insurance.ui.InsuranceMain:Inside the login
2019-03-11-main-INFO -com.cg.insurance.ui.InsuranceMain:inside user case
2019-03-11-main-INFO -com.cg.insurance.ui.InsuranceMain:Inside case 2 of user
2019-03-11-main-INFO -com.cg.insurance.ui.InsuranceMain:log4j file configured
2019-03-11-main-INFO -com.cg.insurance.ui.InsuranceMain:Inside the login
2019-03-11-main-INFO -com.cg.insurance.ui.InsuranceMain:inside user case
2019-03-11-main-INFO -com.cg.insurance.ui.InsuranceMain:Inside case 2 of user
2019-03-11-main-INFO -com.cg.insurance.ui.InsuranceMain:log4j file configured
2019-03-11-main-INFO -com.cg.insurance.ui.InsuranceMain:log4j file configured
2019-03-11-main-INFO -com.cg.insurance.ui.InsuranceMain:Inside the login
2019-03-11-main-INFO -com.cg.insurance.ui.InsuranceMain:Inside Agent Module
2019-03-11-main-ERROR-com.cg.insurance.ui.InsuranceMain:User entered invalid inputs
2019-03-11-main-ERROR-com.cg.insurance.ui.InsuranceMain:User pressed invalid digits
2019-03-11-main-INFO -com.cg.insurance.ui.InsuranceMain:In case 3 of agent module
2019-03-11-main-ERROR-com.cg.insurance.ui.InsuranceMain:Insured name not validated
2019-03-11-main-ERROR-com.cg.insurance.ui.InsuranceMain:Insured name not validated
2019-03-11-main-ERROR-com.cg.insurance.ui.InsuranceMain:User entered invalid inputs
2019-03-11-main-INFO -com.cg.insurance.ui.InsuranceMain:In case 2 of agent module
2019-03-11-main-INFO -com.cg.insurance.ui.InsuranceMain:log4j file configured
2019-03-11-main-INFO -com.cg.insurance.ui.InsuranceMain:Inside the login
2019-03-11-main-INFO -com.cg.insurance.ui.InsuranceMain:Inside Agent Module
2019-03-11-main-INFO -com.cg.insurance.ui.InsuranceMain:In case 4 of agent module
2019-03-11-main-INFO -com.cg.insurance.ui.InsuranceMain:Inside the login
2019-03-11-main-INFO -com.cg.insurance.ui.InsuranceMain:Inside Agent Module
2019-03-11-main-INFO -com.cg.insurance.ui.InsuranceMain:In case 3 of agent module
2019-03-11-main-INFO -com.cg.insurance.ui.InsuranceMain:In case 2 of agent module
2019-03-11-main-INFO -com.cg.insurance.ui.InsuranceMain:log4j file configured
2019-03-11-main-INFO -com.cg.insurance.ui.InsuranceMain:Inside the login
2019-03-11-main-INFO -com.cg.insurance.ui.InsuranceMain:Inside Agent Module
2019-03-11-main-INFO -com.cg.insurance.ui.InsuranceMain:In case 4 of agent module
2019-03-11-main-INFO -com.cg.insurance.ui.InsuranceMain:Inside the login
2019-03-11-main-INFO -com.cg.insurance.ui.InsuranceMain:log4j file configured
2019-03-11-main-INFO -com.cg.insurance.ui.InsuranceMain:Inside the login
2019-03-11-main-INFO -com.cg.insurance.ui.InsuranceMain:Inside Agent Module
2019-03-11-main-INFO -com.cg.insurance.ui.InsuranceMain:In case 4 of agent module
2019-03-11-main-INFO -com.cg.insurance.ui.InsuranceMain:Inside the login
2019-03-11-main-INFO -com.cg.insurance.ui.InsuranceMain:log4j file configured
2019-03-11-main-INFO -com.cg.insurance.ui.InsuranceMain:log4j file configured
2019-03-11-main-INFO -com.cg.insurance.ui.InsuranceMain:log4j file configured
2019-03-11-main-INFO -com.cg.insurance.ui.InsuranceMain:log4j file configured
2019-03-11-main-INFO -com.cg.insurance.ui.InsuranceMain:Inside the login
2019-03-11-main-INFO -com.cg.insurance.ui.InsuranceMain:inside user case
2019-03-11-main-INFO -com.cg.insurance.ui.InsuranceMain:Inside add new account
2019-03-11-main-ERROR-com.cg.insurance.ui.InsuranceMain:Insured street not validated
2019-03-11-main-ERROR-com.cg.insurance.ui.InsuranceMain:Entered invalid digits
2019-03-11-main-INFO -com.cg.insurance.ui.InsuranceMain:log4j file configured
2019-03-11-main-INFO -com.cg.insurance.ui.InsuranceMain:Inside the login
2019-03-11-main-INFO -com.cg.insurance.ui.InsuranceMain:In admin module
2019-03-11-main-INFO -com.cg.insurance.ui.InsuranceMain:In case 1 of admin module
2019-03-11-main-INFO -com.cg.insurance.ui.InsuranceMain:Inside the login
2019-03-11-main-INFO -com.cg.insurance.ui.InsuranceMain:inside user case
2019-03-11-main-INFO -com.cg.insurance.ui.InsuranceMain:Inside add new account
2019-03-11-main-INFO -com.cg.insurance.ui.InsuranceMain:log4j file configured
2019-03-11-main-INFO -com.cg.insurance.ui.InsuranceMain:log4j file configured
2019-03-11-main-INFO -com.cg.insurance.ui.InsuranceMain:Inside the login
2019-03-11-main-INFO -com.cg.insurance.ui.InsuranceMain:log4j file configured
2019-03-11-main-INFO -com.cg.insurance.ui.InsuranceMain:Inside the login
2019-03-11-main-INFO -com.cg.insurance.ui.InsuranceMain:Inside Agent Module
2019-03-11-main-INFO -com.cg.insurance.ui.InsuranceMain:In case 2 of agent module
2019-03-11-main-ERROR-com.cg.insurance.ui.InsuranceMain:Agent is not valid
2019-03-11-main-INFO -com.cg.insurance.ui.InsuranceMain:log4j file configured
2019-03-11-main-INFO -com.cg.insurance.ui.InsuranceMain:Inside the login
2019-03-11-main-INFO -com.cg.insurance.ui.InsuranceMain:Inside Agent Module
2019-03-11-main-INFO -com.cg.insurance.ui.InsuranceMain:log4j file configured
2019-03-11-main-INFO -com.cg.insurance.ui.InsuranceMain:Inside the login
2019-03-11-main-INFO -com.cg.insurance.ui.InsuranceMain:Inside the login
2019-03-11-main-INFO -com.cg.insurance.ui.InsuranceMain:Inside Agent Module
2019-03-11-main-INFO -com.cg.insurance.ui.InsuranceMain:In case 2 of agent module
2019-03-11-main-ERROR-com.cg.insurance.ui.InsuranceMain:Agent is not valid
2019-03-11-main-INFO -com.cg.insurance.ui.InsuranceMain:In case 2 of agent module
2019-03-11-main-ERROR-com.cg.insurance.ui.InsuranceMain:Account Number not found
2019-03-11-main-INFO -com.cg.insurance.ui.InsuranceMain:log4j file configured
2019-03-11-main-INFO -com.cg.insurance.ui.InsuranceMain:Inside the login
2019-03-11-main-INFO -com.cg.insurance.ui.InsuranceMain:Inside Agent Module
2019-03-11-main-INFO -com.cg.insurance.ui.InsuranceMain:In case 2 of agent module
2019-03-11-main-INFO -com.cg.insurance.ui.InsuranceMain:In case 4 of agent module
2019-03-11-main-INFO -com.cg.insurance.ui.InsuranceMain:Inside the login
2019-03-11-main-INFO -com.cg.insurance.ui.InsuranceMain:Inside the login
2019-03-11-main-INFO -com.cg.insurance.ui.InsuranceMain:Inside the login
2019-03-11-main-INFO -com.cg.insurance.ui.InsuranceMain:inside user case
2019-03-11-main-INFO -com.cg.insurance.ui.InsuranceMain:Inside case 2 of user
2019-03-11-main-INFO -com.cg.insurance.ui.InsuranceMain:log4j file configured
2019-03-11-main-INFO -com.cg.insurance.ui.InsuranceMain:Inside the login
2019-03-11-main-INFO -com.cg.insurance.ui.InsuranceMain:inside user case
2019-03-11-main-INFO -com.cg.insurance.ui.InsuranceMain:Inside case 2 of user
2019-03-11-main-INFO -com.cg.insurance.ui.InsuranceMain:log4j file configured
2019-03-11-main-INFO -com.cg.insurance.ui.InsuranceMain:Inside the login
2019-03-11-main-INFO -com.cg.insurance.ui.InsuranceMain:inside user case
2019-03-11-main-INFO -com.cg.insurance.ui.InsuranceMain:Inside case 2 of user
2019-03-11-main-ERROR-com.cg.insurance.ui.InsuranceMain:Entered invalid digits
2019-03-11-main-INFO -com.cg.insurance.ui.InsuranceMain:log4j file configured
2019-03-11-main-INFO -com.cg.insurance.ui.InsuranceMain:Inside the login
2019-03-11-main-INFO -com.cg.insurance.ui.InsuranceMain:inside user case
2019-03-11-main-INFO -com.cg.insurance.ui.InsuranceMain:Inside case 2 of user
2019-03-11-main-INFO -com.cg.insurance.ui.InsuranceMain:log4j file configured
2019-03-11-main-INFO -com.cg.insurance.ui.InsuranceMain:Inside the login
2019-03-11-main-INFO -com.cg.insurance.ui.InsuranceMain:Inside Agent Module
2019-03-11-main-INFO -com.cg.insurance.ui.InsuranceMain:log4j file configured
2019-03-11-main-INFO -com.cg.insurance.ui.InsuranceMain:Inside the login
2019-03-11-main-INFO -com.cg.insurance.ui.InsuranceMain:Inside Agent Module
2019-03-11-main-INFO -com.cg.insurance.ui.InsuranceMain:In case 2 of agent module
2019-03-11-main-INFO -com.cg.insurance.ui.InsuranceMain:In case 3 of agent module
2019-03-11-main-ERROR-com.cg.insurance.ui.InsuranceMain:Policy not found
2019-03-11-main-INFO -com.cg.insurance.ui.InsuranceMain:log4j file configured
2019-03-11-main-INFO -com.cg.insurance.ui.InsuranceMain:Inside the login
2019-03-11-main-INFO -com.cg.insurance.ui.InsuranceMain:Inside Agent Module
2019-03-11-main-INFO -com.cg.insurance.ui.InsuranceMain:In case 3 of agent module
2019-03-11-main-INFO -com.cg.insurance.ui.InsuranceMain:log4j file configured
2019-03-11-main-INFO -com.cg.insurance.ui.InsuranceMain:Inside the login
2019-03-11-main-INFO -com.cg.insurance.ui.InsuranceMain:inside user case
2019-03-11-main-INFO -com.cg.insurance.ui.InsuranceMain:Inside case 2 of user
2019-03-11-main-INFO -com.cg.insurance.ui.InsuranceMain:Logging Out
2019-03-11-main-INFO -com.cg.insurance.ui.InsuranceMain:Inside the login
2019-03-11-main-INFO -com.cg.insurance.ui.InsuranceMain:Inside Agent Module
2019-03-11-main-INFO -com.cg.insurance.ui.InsuranceMain:In case 3 of agent module
2019-03-11-main-INFO -com.cg.insurance.ui.InsuranceMain:log4j file configured
2019-03-11-main-INFO -com.cg.insurance.ui.InsuranceMain:Inside the login
2019-03-11-main-INFO -com.cg.insurance.ui.InsuranceMain:Inside Agent Module
2019-03-11-main-INFO -com.cg.insurance.ui.InsuranceMain:In case 3 of agent module
2019-03-11-main-INFO -com.cg.insurance.ui.InsuranceMain:log4j file configured
2019-03-11-main-INFO -com.cg.insurance.ui.InsuranceMain:Inside the login
2019-03-11-main-INFO -com.cg.insurance.ui.InsuranceMain:Inside Agent Module
2019-03-11-main-INFO -com.cg.insurance.ui.InsuranceMain:In case 3 of agent module
2019-03-11-main-INFO -com.cg.insurance.ui.InsuranceMain:log4j file configured
2019-03-11-main-INFO -com.cg.insurance.ui.InsuranceMain:Inside the login
2019-03-11-main-INFO -com.cg.insurance.ui.InsuranceMain:inside user case
2019-03-11-main-INFO -com.cg.insurance.ui.InsuranceMain:Inside case 2 of user
2019-03-11-main-INFO -com.cg.insurance.ui.InsuranceMain:Logging Out
2019-03-11-main-INFO -com.cg.insurance.ui.InsuranceMain:Inside the login
2019-03-11-main-INFO -com.cg.insurance.ui.InsuranceMain:Inside Agent Module
2019-03-11-main-INFO -com.cg.insurance.ui.InsuranceMain:In case 3 of agent module
2019-03-11-main-INFO -com.cg.insurance.ui.InsuranceMain:log4j file configured
2019-03-11-main-INFO -com.cg.insurance.ui.InsuranceMain:Inside the login
2019-03-11-main-INFO -com.cg.insurance.ui.InsuranceMain:In admin module
2019-03-11-main-INFO -com.cg.insurance.ui.InsuranceMain:In case 3 of admin module
2019-03-11-main-INFO -com.cg.insurance.ui.InsuranceMain:log4j file configured
2019-03-11-main-INFO -com.cg.insurance.ui.InsuranceMain:Inside the login
2019-03-11-main-INFO -com.cg.insurance.ui.InsuranceMain:In admin module
2019-03-11-main-INFO -com.cg.insurance.ui.InsuranceMain:In case 3 of admin module
2019-03-11-main-INFO -com.cg.insurance.ui.InsuranceMain:Inside the login
2019-03-11-main-INFO -com.cg.insurance.ui.InsuranceMain:Inside the login
2019-03-11-main-INFO -com.cg.insurance.ui.InsuranceMain:log4j file configured
2019-03-11-main-INFO -com.cg.insurance.ui.InsuranceMain:Inside the login
2019-03-11-main-INFO -com.cg.insurance.ui.InsuranceMain:Inside the login
2019-03-11-main-INFO -com.cg.insurance.ui.InsuranceMain:Inside the login
2019-03-11-main-INFO -com.cg.insurance.ui.InsuranceMain:Inside the login
2019-03-11-main-INFO -com.cg.insurance.ui.InsuranceMain:Inside Agent Module
2019-03-11-main-INFO -com.cg.insurance.ui.InsuranceMain:In case 4 of agent module
2019-03-11-main-INFO -com.cg.insurance.ui.InsuranceMain:Inside the login
2019-03-11-main-INFO -com.cg.insurance.ui.InsuranceMain:In admin module
2019-03-11-main-INFO -com.cg.insurance.ui.InsuranceMain:In case 1 of admin module
2019-03-11-main-ERROR-com.cg.insurance.ui.InsuranceMain:User Name not validated
2019-03-11-main-ERROR-com.cg.insurance.ui.InsuranceMain:User Name not validated
2019-03-11-main-ERROR-com.cg.insurance.ui.InsuranceMain:Role not validated
2019-03-11-main-INFO -com.cg.insurance.ui.InsuranceMain:In case 2 of admin module
2019-03-11-main-INFO -com.cg.insurance.ui.InsuranceMain:In case 2 of admin module
2019-03-11-main-INFO -com.cg.insurance.ui.InsuranceMain:In case 3 of admin module
2019-03-11-main-INFO -com.cg.insurance.ui.InsuranceMain:log4j file configured
2019-03-11-main-INFO -com.cg.insurance.ui.InsuranceMain:Inside the login
2019-03-11-main-INFO -com.cg.insurance.ui.InsuranceMain:In admin module
2019-03-11-main-INFO -com.cg.insurance.ui.InsuranceMain:In case 3 of admin module
2019-03-11-main-INFO -com.cg.insurance.ui.InsuranceMain:Inside the login
2019-03-11-main-INFO -com.cg.insurance.ui.InsuranceMain:In admin module
2019-03-11-main-INFO -com.cg.insurance.ui.InsuranceMain:In case 1 of admin module
2019-03-11-main-INFO -com.cg.insurance.ui.InsuranceMain:Inside the login
2019-03-11-main-INFO -com.cg.insurance.ui.InsuranceMain:inside user case
2019-03-11-main-INFO -com.cg.insurance.ui.InsuranceMain:Inside add new account
2019-03-11-main-INFO -com.cg.insurance.ui.InsuranceMain:Inside case 2 of user
2019-03-11-main-INFO -com.cg.insurance.ui.InsuranceMain:Logging Out
2019-03-11-main-INFO -com.cg.insurance.ui.InsuranceMain:Inside the login
2019-03-11-main-INFO -com.cg.insurance.ui.InsuranceMain:In admin module
2019-03-11-main-INFO -com.cg.insurance.ui.InsuranceMain:log4j file configured
2019-03-11-main-INFO -com.cg.insurance.ui.InsuranceMain:Inside the login
2019-03-11-main-INFO -com.cg.insurance.ui.InsuranceMain:In admin module
2019-03-11-main-INFO -com.cg.insurance.ui.InsuranceMain:Inside the login
2019-03-11-main-INFO -com.cg.insurance.ui.InsuranceMain:Inside the login
2019-03-11-main-INFO -com.cg.insurance.ui.InsuranceMain:Inside the login
2019-03-11-main-INFO -com.cg.insurance.ui.InsuranceMain:Inside the login
2019-03-11-main-INFO -com.cg.insurance.ui.InsuranceMain:Inside the login
2019-03-11-main-INFO -com.cg.insurance.ui.InsuranceMain:Inside the login
2019-03-11-main-INFO -com.cg.insurance.ui.InsuranceMain:log4j file configured
2019-03-11-main-INFO -com.cg.insurance.ui.InsuranceMain:Inside the login
2019-03-11-main-INFO -com.cg.insurance.ui.InsuranceMain:Inside the login
2019-03-11-main-INFO -com.cg.insurance.ui.InsuranceMain:log4j file configured
2019-03-11-main-INFO -com.cg.insurance.ui.InsuranceMain:Inside the login
2019-03-11-main-INFO -com.cg.insurance.ui.InsuranceMain:Inside the login
2019-03-11-main-INFO -com.cg.insurance.ui.InsuranceMain:log4j file configured
2019-03-11-main-INFO -com.cg.insurance.ui.InsuranceMain:Inside the login
2019-03-11-main-INFO -com.cg.insurance.ui.InsuranceMain:Inside the login
2019-03-11-main-INFO -com.cg.insurance.ui.InsuranceMain:log4j file configured
2019-03-11-main-INFO -com.cg.insurance.ui.InsuranceMain:Inside the login
2019-03-11-main-INFO -com.cg.insurance.ui.InsuranceMain:Inside the login
2019-03-11-main-INFO -com.cg.insurance.ui.InsuranceMain:Inside the login
2019-03-11-main-INFO -com.cg.insurance.ui.InsuranceMain:log4j file configured
2019-03-11-main-INFO -com.cg.insurance.ui.InsuranceMain:Inside the login
2019-03-11-main-INFO -com.cg.insurance.ui.InsuranceMain:log4j file configured
2019-03-11-main-INFO -com.cg.insurance.ui.InsuranceMain:Inside the login
2019-03-11-main-INFO -com.cg.insurance.ui.InsuranceMain:Inside the login
2019-03-11-main-INFO -com.cg.insurance.ui.InsuranceMain:log4j file configured
2019-03-11-main-INFO -com.cg.insurance.ui.InsuranceMain:Inside the login
2019-03-11-main-INFO -com.cg.insurance.ui.InsuranceMain:Inside the login
2019-03-11-main-INFO -com.cg.insurance.ui.InsuranceMain:log4j file configured
2019-03-11-main-INFO -com.cg.insurance.ui.InsuranceMain:log4j file configured
2019-03-11-main-INFO -com.cg.insurance.ui.InsuranceMain:Inside the login
2019-03-11-main-INFO -com.cg.insurance.ui.InsuranceMain:Inside the login
2019-03-11-main-INFO -com.cg.insurance.ui.InsuranceMain:log4j file configured
2019-03-11-main-INFO -com.cg.insurance.ui.InsuranceMain:Inside the login
2019-03-11-main-INFO -com.cg.insurance.ui.InsuranceMain:Inside the login
2019-03-11-main-INFO -com.cg.insurance.ui.InsuranceMain:log4j file configured
2019-03-11-main-INFO -com.cg.insurance.ui.InsuranceMain:Inside the login
2019-03-11-main-INFO -com.cg.insurance.ui.InsuranceMain:Inside the login
2019-03-11-main-INFO -com.cg.insurance.ui.InsuranceMain:log4j file configured
2019-03-11-main-INFO -com.cg.insurance.ui.InsuranceMain:Inside the login
2019-03-11-main-INFO -com.cg.insurance.ui.InsuranceMain:In admin module
2019-03-11-main-INFO -com.cg.insurance.ui.InsuranceMain:log4j file configured
2019-03-11-main-INFO -com.cg.insurance.ui.InsuranceMain:Inside the login
2019-03-11-main-INFO -com.cg.insurance.ui.InsuranceMain:In admin module
2019-03-11-main-INFO -com.cg.insurance.ui.InsuranceMain:In case 3 of admin module
2019-03-11-main-INFO -com.cg.insurance.ui.InsuranceMain:log4j file configured
2019-03-11-main-INFO -com.cg.insurance.ui.InsuranceMain:Inside the login
2019-03-11-main-INFO -com.cg.insurance.ui.InsuranceMain:In admin module
2019-03-11-main-INFO -com.cg.insurance.ui.InsuranceMain:In case 3 of admin module
2019-03-11-main-INFO -com.cg.insurance.ui.InsuranceMain:log4j file configured
2019-03-11-main-INFO -com.cg.insurance.ui.InsuranceMain:Inside the login
2019-03-11-main-INFO -com.cg.insurance.ui.InsuranceMain:In admin module
2019-03-11-main-INFO -com.cg.insurance.ui.InsuranceMain:In case 3 of admin module
2019-03-11-main-INFO -com.cg.insurance.ui.InsuranceMain:log4j file configured
2019-03-11-main-INFO -com.cg.insurance.ui.InsuranceMain:Inside the login
2019-03-11-main-INFO -com.cg.insurance.ui.InsuranceMain:In admin module
2019-03-11-main-INFO -com.cg.insurance.ui.InsuranceMain:In case 3 of admin module
2019-03-11-main-INFO -com.cg.insurance.ui.InsuranceMain:Inside the login
2019-03-11-main-INFO -com.cg.insurance.ui.InsuranceMain:Inside Agent Module
2019-03-11-main-INFO -com.cg.insurance.ui.InsuranceMain:In case 3 of agent module
2019-03-11-main-INFO -com.cg.insurance.ui.InsuranceMain:In case 4 of agent module
2019-03-11-main-INFO -com.cg.insurance.ui.InsuranceMain:Inside the login
2019-03-11-main-INFO -com.cg.insurance.ui.InsuranceMain:log4j file configured
2019-03-11-main-INFO -com.cg.insurance.ui.InsuranceMain:Inside the login
2019-03-11-main-INFO -com.cg.insurance.ui.InsuranceMain:inside user case
2019-03-11-main-INFO -com.cg.insurance.ui.InsuranceMain:Inside case 2 of user
2019-03-11-main-INFO -com.cg.insurance.ui.InsuranceMain:log4j file configured
2019-03-11-main-INFO -com.cg.insurance.ui.InsuranceMain:Inside the login
2019-03-11-main-INFO -com.cg.insurance.ui.InsuranceMain:In admin module
2019-03-11-main-INFO -com.cg.insurance.ui.InsuranceMain:log4j file configured
2019-03-11-main-INFO -com.cg.insurance.ui.InsuranceMain:Inside the login
2019-03-11-main-INFO -com.cg.insurance.ui.InsuranceMain:In admin module
2019-03-11-main-INFO -com.cg.insurance.ui.InsuranceMain:Inside the login
2019-03-11-main-INFO -com.cg.insurance.ui.InsuranceMain:Inside the login
2019-03-11-main-INFO -com.cg.insurance.ui.InsuranceMain:log4j file configured
2019-03-11-main-INFO -com.cg.insurance.ui.InsuranceMain:Inside the login
2019-03-11-main-INFO -com.cg.insurance.ui.InsuranceMain:inside user case
2019-03-11-main-INFO -com.cg.insurance.ui.InsuranceMain:Inside case 2 of user
2019-03-11-main-INFO -com.cg.insurance.ui.InsuranceMain:log4j file configured
2019-03-11-main-ERROR-com.cg.insurance.ui.InsuranceMain:InputMisMatch exception met
2019-03-11-main-INFO -com.cg.insurance.ui.InsuranceMain:user pressed invalid digits
2019-03-11-main-INFO -com.cg.insurance.ui.InsuranceMain:user pressed invalid digits
2019-03-11-main-ERROR-com.cg.insurance.ui.InsuranceMain:InputMisMatch exception met
2019-03-11-main-INFO -com.cg.insurance.ui.InsuranceMain:Inside the login
2019-03-11-main-INFO -com.cg.insurance.ui.InsuranceMain:Inside the login
2019-03-11-main-INFO -com.cg.insurance.ui.InsuranceMain:Inside the login
2019-03-11-main-INFO -com.cg.insurance.ui.InsuranceMain:In admin module
2019-03-11-main-INFO -com.cg.insurance.ui.InsuranceMain:log4j file configured
2019-03-11-main-ERROR-com.cg.insurance.ui.InsuranceMain:InputMisMatch exception met
2019-03-11-main-INFO -com.cg.insurance.ui.InsuranceMain:user pressed invalid digits
2019-03-11-main-ERROR-com.cg.insurance.ui.InsuranceMain:InputMisMatch exception met
2019-03-11-main-INFO -com.cg.insurance.ui.InsuranceMain:Inside the login
2019-03-11-main-INFO -com.cg.insurance.ui.InsuranceMain:Inside the login
2019-03-11-main-INFO -com.cg.insurance.ui.InsuranceMain:Inside Agent Module
2019-03-11-main-INFO -com.cg.insurance.ui.InsuranceMain:In case 3 of agent module
2019-03-11-main-INFO -com.cg.insurance.ui.InsuranceMain:In case 4 of agent module
2019-03-11-main-INFO -com.cg.insurance.ui.InsuranceMain:Inside the login
2019-03-11-main-INFO -com.cg.insurance.ui.InsuranceMain:log4j file configured
2019-03-11-main-INFO -com.cg.insurance.ui.InsuranceMain:Inside the login
2019-03-11-main-INFO -com.cg.insurance.ui.InsuranceMain:inside user case
2019-03-11-main-INFO -com.cg.insurance.ui.InsuranceMain:Inside case 2 of user
2019-03-11-main-INFO -com.cg.insurance.ui.InsuranceMain:log4j file configured
2019-03-11-main-INFO -com.cg.insurance.ui.InsuranceMain:Inside the login
2019-03-11-main-INFO -com.cg.insurance.ui.InsuranceMain:inside user case
2019-03-11-main-INFO -com.cg.insurance.ui.InsuranceMain:Inside case 2 of user
2019-03-11-main-INFO -com.cg.insurance.ui.InsuranceMain:log4j file configured
2019-03-11-main-INFO -com.cg.insurance.ui.InsuranceMain:Inside the login
2019-03-11-main-INFO -com.cg.insurance.ui.InsuranceMain:log4j file configured
2019-03-11-main-INFO -com.cg.insurance.ui.InsuranceMain:Inside the login
2019-03-11-main-INFO -com.cg.insurance.ui.InsuranceMain:inside user case
2019-03-11-main-INFO -com.cg.insurance.ui.InsuranceMain:Inside case 2 of user
2019-03-11-main-INFO -com.cg.insurance.ui.InsuranceMain:log4j file configured
2019-03-11-main-INFO -com.cg.insurance.ui.InsuranceMain:Inside the login
2019-03-11-main-INFO -com.cg.insurance.ui.InsuranceMain:inside user case
2019-03-11-main-INFO -com.cg.insurance.ui.InsuranceMain:Inside case 2 of user
2019-03-11-main-ERROR-com.cg.insurance.ui.InsuranceMain:Entered invalid digits
2019-03-11-main-INFO -com.cg.insurance.ui.InsuranceMain:log4j file configured
2019-03-11-main-INFO -com.cg.insurance.ui.InsuranceMain:Inside the login
2019-03-11-main-INFO -com.cg.insurance.ui.InsuranceMain:inside user case
2019-03-11-main-INFO -com.cg.insurance.ui.InsuranceMain:Inside case 2 of user
2019-03-11-main-ERROR-com.cg.insurance.ui.InsuranceMain:Entered invalid digits
2019-03-11-main-ERROR-com.cg.insurance.ui.InsuranceMain:Entered invalid digits
2019-03-11-main-INFO -com.cg.insurance.ui.InsuranceMain:User pressed invalid digits
2019-03-11-main-INFO -com.cg.insurance.ui.InsuranceMain:User pressed invalid digits
2019-03-11-main-INFO -com.cg.insurance.ui.InsuranceMain:log4j file configured
2019-03-11-main-INFO -com.cg.insurance.ui.InsuranceMain:Inside the login
2019-03-11-main-INFO -com.cg.insurance.ui.InsuranceMain:inside user case
2019-03-11-main-INFO -com.cg.insurance.ui.InsuranceMain:Inside case 2 of user
2019-03-11-main-INFO -com.cg.insurance.ui.InsuranceMain:log4j file configured
2019-03-11-main-INFO -com.cg.insurance.ui.InsuranceMain:Inside the login
2019-03-11-main-INFO -com.cg.insurance.ui.InsuranceMain:inside user case
2019-03-11-main-INFO -com.cg.insurance.ui.InsuranceMain:Inside case 2 of user
2019-03-11-main-ERROR-com.cg.insurance.ui.InsuranceMain:Entered invalid digits
2019-03-11-main-INFO -com.cg.insurance.ui.InsuranceMain:log4j file configured
2019-03-11-main-INFO -com.cg.insurance.ui.InsuranceMain:Inside the login
2019-03-11-main-INFO -com.cg.insurance.ui.InsuranceMain:inside user case
2019-03-11-main-INFO -com.cg.insurance.ui.InsuranceMain:Inside case 2 of user
2019-03-11-main-ERROR-com.cg.insurance.ui.InsuranceMain:Entered invalid digits
2019-03-11-main-INFO -com.cg.insurance.ui.InsuranceMain:log4j file configured
2019-03-11-main-INFO -com.cg.insurance.ui.InsuranceMain:Inside the login
2019-03-11-main-INFO -com.cg.insurance.ui.InsuranceMain:inside user case
2019-03-11-main-INFO -com.cg.insurance.ui.InsuranceMain:Inside case 2 of user
2019-03-11-main-INFO -com.cg.insurance.ui.InsuranceMain:log4j file configured
2019-03-11-main-INFO -com.cg.insurance.ui.InsuranceMain:Inside the login
2019-03-11-main-INFO -com.cg.insurance.ui.InsuranceMain:inside user case
2019-03-11-main-INFO -com.cg.insurance.ui.InsuranceMain:Inside case 2 of user
2019-03-11-main-INFO -com.cg.insurance.ui.InsuranceMain:log4j file configured
2019-03-11-main-INFO -com.cg.insurance.ui.InsuranceMain:Inside the login
2019-03-11-main-INFO -com.cg.insurance.ui.InsuranceMain:inside user case
2019-03-11-main-INFO -com.cg.insurance.ui.InsuranceMain:Inside case 2 of user
2019-03-11-main-INFO -com.cg.insurance.ui.InsuranceMain:log4j file configured
2019-03-11-main-INFO -com.cg.insurance.ui.InsuranceMain:Inside the login
2019-03-11-main-INFO -com.cg.insurance.ui.InsuranceMain:Inside Agent Module
2019-03-11-main-INFO -com.cg.insurance.ui.InsuranceMain:log4j file configured
2019-03-11-main-ERROR-com.cg.insurance.ui.InsuranceMain:InputMisMatch exception met
2019-03-11-main-INFO -com.cg.insurance.ui.InsuranceMain:Inside the login
2019-03-11-main-INFO -com.cg.insurance.ui.InsuranceMain:Inside Agent Module
2019-03-11-main-INFO -com.cg.insurance.ui.InsuranceMain:In case 4 of agent module
2019-03-11-main-INFO -com.cg.insurance.ui.InsuranceMain:Inside the login
2019-03-11-main-INFO -com.cg.insurance.ui.InsuranceMain:log4j file configured
2019-03-11-main-INFO -com.cg.insurance.ui.InsuranceMain:Inside the login
2019-03-11-main-INFO -com.cg.insurance.ui.InsuranceMain:Inside the login
2019-03-11-main-INFO -com.cg.insurance.ui.InsuranceMain:log4j file configured
